<?xml version="1.0" encoding="UTF-8"?>
<!-- Generated by org.testng.reporters.JUnitXMLReporter -->
<testsuite ignored="0" hostname="NITISH" failures="0" tests="3" name="Auto_Complete_Tests" time="26.068" errors="0" timestamp="2024-12-29T16:13:57 IST">
  <testcase classname="testingBaba_Wadgets_Tests.Auto_Complete_Tests" name="closetowidgets" time="6.314"/>
  <testcase classname="testingBaba_Wadgets_Tests.Auto_Complete_Tests" name="sendcountry" time="1.576"/>
  <testcase classname="testingBaba_Wadgets_Tests.Auto_Complete_Tests" name="auto" time="0.369"/>
</testsuite> <!-- Auto_Complete_Tests -->
