<?xml version="1.0" encoding="UTF-8"?>
<!-- Generated by org.testng.reporters.JUnitXMLReporter -->
<testsuite ignored="0" hostname="NITISH" failures="0" tests="3" name="Date_Picker_Tests" time="24.782" errors="0" timestamp="2024-12-29T16:35:03 IST">
  <testcase classname="testingBaba_Wadgets_Tests.Date_Picker_Tests" name="closetowidgets" time="5.005"/>
  <testcase classname="testingBaba_Wadgets_Tests.Date_Picker_Tests" name="pickdate" time="0.229"/>
  <testcase classname="testingBaba_Wadgets_Tests.Date_Picker_Tests" name="pickdateandtime" time="0.181"/>
</testsuite> <!-- Date_Picker_Tests -->
