<?xml version="1.0" encoding="UTF-8"?>
<!-- Generated by org.testng.reporters.JUnitXMLReporter -->
<testsuite ignored="0" hostname="NITISH" failures="0" tests="4" name="Progress_Bar_Tests" time="45.559" errors="0" timestamp="2025-01-14T12:28:29 IST">
  <testcase classname="testing_Baba_Tests.Progress_Bar_Tests" name="closetowidgets" time="6.373"/>
  <testcase classname="testing_Baba_Tests.Progress_Bar_Tests" name="progessbtn" time="0.344"/>
  <testcase classname="testing_Baba_Tests.Progress_Bar_Tests" name="clickonstartbtn" time="0.164"/>
  <testcase classname="testing_Baba_Tests.Progress_Bar_Tests" name="checking" time="0.251"/>
</testsuite> <!-- Progress_Bar_Tests -->
