<?xml version="1.0" encoding="UTF-8"?>
<testng-results ignored="0" total="2" passed="2" failed="0" skipped="0">
  <reporter-output>
  </reporter-output>
  <suite started-at="2025-01-09T19:33:26 IST" name="Suite" finished-at="2025-01-09T19:35:29 IST" duration-ms="123113">
    <groups>
      <group name="regression">
        <method signature="Slider_Test.closetowidgets()[pri:1, instance:testing_Baba_Tests.Slider_Test@6bbe85a8]" name="closetowidgets" class="testing_Baba_Tests.Slider_Test"/>
        <method signature="Slider_Test.slider()[pri:2, instance:testing_Baba_Tests.Slider_Test@6bbe85a8]" name="slider" class="testing_Baba_Tests.Slider_Test"/>
      </group> <!-- regression -->
    </groups>
    <test started-at="2025-01-09T19:33:26 IST" name="Slider_Test" finished-at="2025-01-09T19:35:29 IST" duration-ms="123113">
      <class name="testing_Baba_Tests.Slider_Test">
        <test-method is-config="true" signature="getlaunchbrowse(java.lang.String)[pri:0, instance:testing_Baba_Tests.Slider_Test@6bbe85a8]" started-at="2025-01-09T19:33:26 IST" name="getlaunchbrowse" finished-at="2025-01-09T19:34:32 IST" duration-ms="66161" status="PASS">
          <params>
            <param index="0">
              <value>
                <![CDATA[chrome]]>
              </value>
            </param>
          </params>
          <reporter-output>
          </reporter-output>
        </test-method> <!-- getlaunchbrowse -->
        <test-method signature="closetowidgets()[pri:1, instance:testing_Baba_Tests.Slider_Test@6bbe85a8]" started-at="2025-01-09T19:34:33 IST" name="closetowidgets" finished-at="2025-01-09T19:35:25 IST" duration-ms="51985" status="PASS">
          <reporter-output>
          </reporter-output>
        </test-method> <!-- closetowidgets -->
        <test-method signature="slider()[pri:2, instance:testing_Baba_Tests.Slider_Test@6bbe85a8]" started-at="2025-01-09T19:35:25 IST" name="slider" finished-at="2025-01-09T19:35:25 IST" duration-ms="464" status="PASS">
          <reporter-output>
          </reporter-output>
        </test-method> <!-- slider -->
        <test-method is-config="true" signature="browserclose()[pri:0, instance:testing_Baba_Tests.Slider_Test@6bbe85a8]" started-at="2025-01-09T19:35:25 IST" name="browserclose" finished-at="2025-01-09T19:35:29 IST" duration-ms="4080" status="PASS">
          <reporter-output>
          </reporter-output>
        </test-method> <!-- browserclose -->
      </class> <!-- testing_Baba_Tests.Slider_Test -->
    </test> <!-- Slider_Test -->
  </suite> <!-- Suite -->
</testng-results>
